<?xml version="1.0" encoding="UTF-8"?>
<!-- Generated by org.testng.reporters.JUnitReportReporter -->
<testsuite hostname="LM-MAA-26500368" name="com.cashkaro.tests.cashKaroLogin" tests="1" failures="0" timestamp="14 Jun 2016 09:22:30 GMT" time="20.165" errors="0">
  <testcase name="testFblogin" time="20.165" classname="com.cashkaro.tests.cashKaroLogin"/>
</testsuite> <!-- com.cashkaro.tests.cashKaroLogin -->
